[1210/183219.064:ERROR:directory_reader_win.cc(43)] FindFirstFile: The system cannot find the path specified. (0x3)
[1210/203905.460:ERROR:directory_reader_win.cc(43)] FindFirstFile: The system cannot find the path specified. (0x3)
[1210/215228.890:ERROR:directory_reader_win.cc(43)] FindFirstFile: The system cannot find the path specified. (0x3)
[1212/011405.481:ERROR:directory_reader_win.cc(43)] FindFirstFile: The system cannot find the path specified. (0x3)
[1212/013932.938:ERROR:directory_reader_win.cc(43)] FindFirstFile: The system cannot find the path specified. (0x3)
[1212/022013.441:ERROR:process_memory_win.cc(73)] ReadMemory at 0x7ff788b40000 of 64 bytes failed: Only part of a ReadProcessMemory or WriteProcessMemory request was completed. (0x12B)
[1212/022013.442:WARNING:pe_image_reader.cc(340)] could not read dos header from C:\Program Files (x86)\Google\Chrome\Application\chrome.exe
[1212/022013.442:ERROR:process_memory_win.cc(73)] ReadMemory at 0x7ffbf6930000 of 64 bytes failed: Only part of a ReadProcessMemory or WriteProcessMemory request was completed. (0x12B)
[1212/022013.442:WARNING:pe_image_reader.cc(340)] could not read dos header from C:\Windows\SYSTEM32\ntdll.dll
[1212/022013.442:ERROR:process_memory_win.cc(73)] ReadMemory at 0x7ffbf4dd0000 of 64 bytes failed: Only part of a ReadProcessMemory or WriteProcessMemory request was completed. (0x12B)
[1212/022013.442:WARNING:pe_image_reader.cc(340)] could not read dos header from C:\Windows\System32\KERNEL32.DLL
[1212/022013.442:ERROR:process_memory_win.cc(73)] ReadMemory at 0x7ffbf4220000 of 64 bytes failed: Only part of a ReadProcessMemory or WriteProcessMemory request was completed. (0x12B)
[1212/022013.442:WARNING:pe_image_reader.cc(340)] could not read dos header from C:\Windows\System32\KERNELBASE.dll
[1212/022013.442:ERROR:process_memory_win.cc(73)] ReadMemory at 0x7ffbb9490000 of 64 bytes failed: Only part of a ReadProcessMemory or WriteProcessMemory request was completed. (0x12B)
[1212/022013.442:WARNING:pe_image_reader.cc(340)] could not read dos header from C:\Program Files (x86)\Google\Chrome\Application\87.0.4280.88\chrome_elf.dll
[1212/022013.442:ERROR:process_memory_win.cc(73)] ReadMemory at 0x7ffbea070000 of 64 bytes failed: Only part of a ReadProcessMemory or WriteProcessMemory request was completed. (0x12B)
[1212/022013.442:WARNING:pe_image_reader.cc(340)] could not read dos header from C:\Windows\SYSTEM32\VERSION.dll
[1212/022013.443:ERROR:process_memory_win.cc(73)] ReadMemory at 0x7ffbf49f0000 of 64 bytes failed: Only part of a ReadProcessMemory or WriteProcessMemory request was completed. (0x12B)
[1212/022013.443:WARNING:pe_image_reader.cc(340)] could not read dos header from C:\Windows\System32\msvcrt.dll
[1212/022013.443:ERROR:process_memory_win.cc(73)] ReadMemory at 0x7ffbf6220000 of 64 bytes failed: Only part of a ReadProcessMemory or WriteProcessMemory request was completed. (0x12B)
[1212/022013.443:WARNING:pe_image_reader.cc(340)] could not read dos header from C:\Windows\System32\ADVAPI32.dll
[1212/022013.443:ERROR:process_memory_win.cc(73)] ReadMemory at 0x7ffbf4ac0000 of 64 bytes failed: Only part of a ReadProcessMemory or WriteProcessMemory request was completed. (0x12B)
[1212/022013.443:WARNING:pe_image_reader.cc(340)] could not read dos header from C:\Windows\System32\sechost.dll
[1212/022013.443:ERROR:process_memory_win.cc(73)] ReadMemory at 0x7ffbf57f0000 of 64 bytes failed: Only part of a ReadProcessMemory or WriteProcessMemory request was completed. (0x12B)
[1212/022013.443:WARNING:pe_image_reader.cc(340)] could not read dos header from C:\Windows\System32\RPCRT4.dll
[1212/022013.443:ERROR:process_memory_win.cc(73)] ReadMemory at 0x7ffbb0020000 of 64 bytes failed: Only part of a ReadProcessMemory or WriteProcessMemory request was completed. (0x12B)
[1212/022013.443:WARNING:pe_image_reader.cc(340)] could not read dos header from C:\Program Files (x86)\Google\Chrome\Application\87.0.4280.88\chrome.dll
[1212/022013.443:ERROR:process_memory_win.cc(73)] ReadMemory at 0x7ffbf4d60000 of 64 bytes failed: Only part of a ReadProcessMemory or WriteProcessMemory request was completed. (0x12B)
[1212/022013.443:WARNING:pe_image_reader.cc(340)] could not read dos header from C:\Windows\System32\WS2_32.dll
[1212/022013.443:ERROR:process_memory_win.cc(73)] ReadMemory at 0x7ffbf5980000 of 64 bytes failed: Only part of a ReadProcessMemory or WriteProcessMemory request was completed. (0x12B)
[1212/022013.443:WARNING:pe_image_reader.cc(340)] could not read dos header from C:\Windows\System32\OLEAUT32.dll
[1212/022013.443:ERROR:process_memory_win.cc(73)] ReadMemory at 0x7ffbf46e0000 of 64 bytes failed: Only part of a ReadProcessMemory or WriteProcessMemory request was completed. (0x12B)
[1212/022013.444:WARNING:pe_image_reader.cc(340)] could not read dos header from C:\Windows\System32\msvcp_win.dll
[1212/022013.444:ERROR:process_memory_win.cc(73)] ReadMemory at 0x7ffbf4120000 of 64 bytes failed: Only part of a ReadProcessMemory or WriteProcessMemory request was completed. (0x12B)
[1212/022013.444:WARNING:pe_image_reader.cc(340)] could not read dos header from C:\Windows\System32\ucrtbase.dll
[1212/022013.444:ERROR:process_memory_win.cc(73)] ReadMemory at 0x7ffbf5380000 of 64 bytes failed: Only part of a ReadProcessMemory or WriteProcessMemory request was completed. (0x12B)
[1212/022013.444:WARNING:pe_image_reader.cc(340)] could not read dos header from C:\Windows\System32\combase.dll
[1212/022013.444:ERROR:process_memory_win.cc(73)] ReadMemory at 0x7ffbf4780000 of 64 bytes failed: Only part of a ReadProcessMemory or WriteProcessMemory request was completed. (0x12B)
[1212/022013.444:WARNING:pe_image_reader.cc(340)] could not read dos header from C:\Windows\System32\WINTRUST.dll
[1212/022013.444:ERROR:process_memory_win.cc(73)] ReadMemory at 0x7ffbf47e0000 of 64 bytes failed: Only part of a ReadProcessMemory or WriteProcessMemory request was completed. (0x12B)
[1212/022013.444:WARNING:pe_image_reader.cc(340)] could not read dos header from C:\Windows\System32\CRYPT32.dll
[1212/022013.444:ERROR:process_memory_win.cc(73)] ReadMemory at 0x7ffbed720000 of 64 bytes failed: Only part of a ReadProcessMemory or WriteProcessMemory request was completed. (0x12B)
[1212/022013.444:WARNING:pe_image_reader.cc(340)] could not read dos header from C:\Windows\SYSTEM32\dbghelp.dll
[1212/022013.444:ERROR:process_memory_win.cc(73)] ReadMemory at 0x7ffbf3500000 of 64 bytes failed: Only part of a ReadProcessMemory or WriteProcessMemory request was completed. (0x12B)
[1212/022013.444:WARNING:pe_image_reader.cc(340)] could not read dos header from C:\Windows\SYSTEM32\IPHLPAPI.DLL
[1212/022013.444:ERROR:process_memory_win.cc(73)] ReadMemory at 0x7ffbea040000 of 64 bytes failed: Only part of a ReadProcessMemory or WriteProcessMemory request was completed. (0x12B)
[1212/022013.444:WARNING:pe_image_reader.cc(340)] could not read dos header from C:\Windows\SYSTEM32\WINMM.dll
[1212/022013.444:ERROR:process_memory_win.cc(73)] ReadMemory at 0x7ffbdc350000 of 64 bytes failed: Only part of a ReadProcessMemory or WriteProcessMemory request was completed. (0x12B)
[1212/022013.444:WARNING:pe_image_reader.cc(340)] could not read dos header from C:\Windows\SYSTEM32\UIAutomationCore.DLL
[1212/022013.445:ERROR:process_memory_win.cc(73)] ReadMemory at 0x7ffbefa40000 of 64 bytes failed: Only part of a ReadProcessMemory or WriteProcessMemory request was completed. (0x12B)
[1212/022013.445:WARNING:pe_image_reader.cc(340)] could not read dos header from C:\Windows\SYSTEM32\Secur32.dll
[1212/022013.445:ERROR:process_memory_win.cc(73)] ReadMemory at 0x7ffbf3f60000 of 64 bytes failed: Only part of a ReadProcessMemory or WriteProcessMemory request was completed. (0x12B)
[1212/022013.445:WARNING:pe_image_reader.cc(340)] could not read dos header from C:\Windows\SYSTEM32\USERENV.dll
[1212/022013.445:ERROR:process_memory_win.cc(73)] ReadMemory at 0x7ffbe1c20000 of 64 bytes failed: Only part of a ReadProcessMemory or WriteProcessMemory request was completed. (0x12B)
[1212/022013.445:WARNING:pe_image_reader.cc(340)] could not read dos header from C:\Windows\SYSTEM32\DWrite.dll
[1212/022013.445:ERROR:process_memory_win.cc(73)] ReadMemory at 0x7ffbd96a0000 of 64 bytes failed: Only part of a ReadProcessMemory or WriteProcessMemory request was completed. (0x12B)
[1212/022013.445:WARNING:pe_image_reader.cc(340)] could not read dos header from C:\Windows\SYSTEM32\WINSPOOL.DRV
[1212/022013.445:ERROR:process_memory_win.cc(73)] ReadMemory at 0x7ffbeb270000 of 64 bytes failed: Only part of a ReadProcessMemory or WriteProcessMemory request was completed. (0x12B)
[1212/022013.445:WARNING:pe_image_reader.cc(340)] could not read dos header from C:\Windows\SYSTEM32\WINHTTP.dll
[1212/022013.445:ERROR:process_memory_win.cc(73)] ReadMemory at 0x7ffbee890000 of 64 bytes failed: Only part of a ReadProcessMemory or WriteProcessMemory request was completed. (0x12B)
[1212/022013.445:WARNING:pe_image_reader.cc(340)] could not read dos header from C:\Windows\SYSTEM32\dhcpcsvc.DLL
[1212/022013.445:ERROR:process_memory_win.cc(73)] ReadMemory at 0x7ffbef8c0000 of 64 bytes failed: Only part of a ReadProcessMemory or WriteProcessMemory request was completed. (0x12B)
[1212/022013.445:WARNING:pe_image_reader.cc(340)] could not read dos header from C:\Windows\SYSTEM32\PROPSYS.dll
[1212/022013.445:ERROR:process_memory_win.cc(73)] ReadMemory at 0x7ffbf3f20000 of 64 bytes failed: Only part of a ReadProcessMemory or WriteProcessMemory request was completed. (0x12B)
[1212/022013.445:WARNING:pe_image_reader.cc(340)] could not read dos header from C:\Windows\SYSTEM32\SSPICLI.DLL
[1212/022013.445:ERROR:process_memory_win.cc(73)] ReadMemory at 0x7ffbf3c60000 of 64 bytes failed: Only part of a ReadProcessMemory or WriteProcessMemory request was completed. (0x12B)
[1212/022013.446:WARNING:pe_image_reader.cc(340)] could not read dos header from C:\Windows\System32\MSASN1.dll
[1212/022013.446:ERROR:process_memory_win.cc(73)] ReadMemory at 0x7ffbf40a0000 of 64 bytes failed: Only part of a ReadProcessMemory or WriteProcessMemory request was completed. (0x12B)
[1212/022013.446:WARNING:pe_image_reader.cc(340)] could not read dos header from C:\Windows\System32\bcryptPrimitives.dll
[1212/022013.446:ERROR:process_memory_win.cc(73)] ReadMemory at 0x7ffbf5ad0000 of 64 bytes failed: Only part of a ReadProcessMemory or WriteProcessMemory request was completed. (0x12B)
[1212/022013.446:WARNING:pe_image_reader.cc(340)] could not read dos header from C:\Windows\System32\SHELL32.dll
[1212/022013.446:ERROR:process_memory_win.cc(73)] ReadMemory at 0x26302e50000 of 64 bytes failed: Only part of a ReadProcessMemory or WriteProcessMemory request was completed. (0x12B)
[1212/022013.446:WARNING:pe_image_reader.cc(340)] could not read dos header from C:\Windows\System32\USER32.dll
[1212/022013.446:ERROR:process_memory_win.cc(73)] ReadMemory at 0x7ffbf4070000 of 64 bytes failed: Only part of a ReadProcessMemory or WriteProcessMemory request was completed. (0x12B)
[1212/022013.446:WARNING:pe_image_reader.cc(340)] could not read dos header from C:\Windows\System32\win32u.dll
[1212/022013.446:ERROR:process_memory_win.cc(73)] ReadMemory at 0x7ffbf4d30000 of 64 bytes failed: Only part of a ReadProcessMemory or WriteProcessMemory request was completed. (0x12B)
[1212/022013.446:WARNING:pe_image_reader.cc(340)] could not read dos header from C:\Windows\System32\GDI32.dll
[1212/022013.446:ERROR:process_memory_win.cc(73)] ReadMemory at 0x7ffbf44f0000 of 64 bytes failed: Only part of a ReadProcessMemory or WriteProcessMemory request was completed. (0x12B)
[1212/022013.446:WARNING:pe_image_reader.cc(340)] could not read dos header from C:\Windows\System32\gdi32full.dll
[1212/022013.446:ERROR:process_memory_win.cc(73)] ReadMemory at 0x7ffbf4a90000 of 64 bytes failed: Only part of a ReadProcessMemory or WriteProcessMemory request was completed. (0x12B)
[1212/022013.446:WARNING:pe_image_reader.cc(340)] could not read dos header from C:\Windows\System32\IMM32.DLL
[1212/022013.446:ERROR:process_memory_win.cc(73)] ReadMemory at 0x7ffbf1ff0000 of 64 bytes failed: Only part of a ReadProcessMemory or WriteProcessMemory request was completed. (0x12B)
[1212/022013.446:WARNING:pe_image_reader.cc(340)] could not read dos header from C:\Windows\SYSTEM32\windows.storage.dll
[1212/022013.446:ERROR:process_memory_win.cc(73)] ReadMemory at 0x7ffbf3ae0000 of 64 bytes failed: Only part of a ReadProcessMemory or WriteProcessMemory request was completed. (0x12B)
[1212/022013.446:WARNING:pe_image_reader.cc(340)] could not read dos header from C:\Windows\SYSTEM32\Wldp.dll
[1212/022013.447:ERROR:process_memory_win.cc(73)] ReadMemory at 0x7ffbf5180000 of 64 bytes failed: Only part of a ReadProcessMemory or WriteProcessMemory request was completed. (0x12B)
[1212/022013.447:WARNING:pe_image_reader.cc(340)] could not read dos header from C:\Windows\System32\SHCORE.dll
[1212/022013.447:ERROR:process_memory_win.cc(73)] ReadMemory at 0x7ffbf5310000 of 64 bytes failed: Only part of a ReadProcessMemory or WriteProcessMemory request was completed. (0x12B)
[1212/022013.447:WARNING:pe_image_reader.cc(340)] could not read dos header from C:\Windows\System32\shlwapi.dll
[1212/022013.447:ERROR:process_memory_win.cc(73)] ReadMemory at 0x7ffbf3fa0000 of 64 bytes failed: Only part of a ReadProcessMemory or WriteProcessMemory request was completed. (0x12B)
[1212/022013.447:WARNING:pe_image_reader.cc(340)] could not read dos header from C:\Windows\SYSTEM32\profapi.dll
[1212/022013.447:ERROR:process_memory_win.cc(73)] ReadMemory at 0x7ffbf3a50000 of 64 bytes failed: Only part of a ReadProcessMemory or WriteProcessMemory request was completed. (0x12B)
[1212/022013.447:WARNING:pe_image_reader.cc(340)] could not read dos header from C:\Windows\SYSTEM32\CRYPTBASE.DLL
[1212/022013.451:ERROR:process_memory_win.cc(73)] ReadMemory at 0x7ff788b40000 of 64 bytes failed: Only part of a ReadProcessMemory or WriteProcessMemory request was completed. (0x12B)
[1212/022013.451:WARNING:pe_image_reader.cc(340)] could not read dos header from C:\Program Files (x86)\Google\Chrome\Application\chrome.exe
[1212/022013.451:ERROR:process_memory_win.cc(73)] ReadMemory at 0x7ffbf6930000 of 64 bytes failed: Only part of a ReadProcessMemory or WriteProcessMemory request was completed. (0x12B)
[1212/022013.451:WARNING:pe_image_reader.cc(340)] could not read dos header from C:\Windows\SYSTEM32\ntdll.dll
[1212/022013.451:ERROR:process_memory_win.cc(73)] ReadMemory at 0x7ffbf4dd0000 of 64 bytes failed: Only part of a ReadProcessMemory or WriteProcessMemory request was completed. (0x12B)
[1212/022013.452:WARNING:pe_image_reader.cc(340)] could not read dos header from C:\Windows\System32\KERNEL32.DLL
[1212/022013.452:ERROR:process_memory_win.cc(73)] ReadMemory at 0x7ffbf4220000 of 64 bytes failed: Only part of a ReadProcessMemory or WriteProcessMemory request was completed. (0x12B)
[1212/022013.452:WARNING:pe_image_reader.cc(340)] could not read dos header from C:\Windows\System32\KERNELBASE.dll
[1212/022013.452:ERROR:process_memory_win.cc(73)] ReadMemory at 0x7ffbb9490000 of 64 bytes failed: Only part of a ReadProcessMemory or WriteProcessMemory request was completed. (0x12B)
[1212/022013.452:WARNING:pe_image_reader.cc(340)] could not read dos header from C:\Program Files (x86)\Google\Chrome\Application\87.0.4280.88\chrome_elf.dll
[1212/022013.452:ERROR:process_memory_win.cc(73)] ReadMemory at 0x7ffbea070000 of 64 bytes failed: Only part of a ReadProcessMemory or WriteProcessMemory request was completed. (0x12B)
[1212/022013.452:WARNING:pe_image_reader.cc(340)] could not read dos header from C:\Windows\SYSTEM32\VERSION.dll
[1212/022013.452:ERROR:process_memory_win.cc(73)] ReadMemory at 0x7ffbf49f0000 of 64 bytes failed: Only part of a ReadProcessMemory or WriteProcessMemory request was completed. (0x12B)
[1212/022013.452:WARNING:pe_image_reader.cc(340)] could not read dos header from C:\Windows\System32\msvcrt.dll
[1212/022013.452:ERROR:process_memory_win.cc(73)] ReadMemory at 0x7ffbf6220000 of 64 bytes failed: Only part of a ReadProcessMemory or WriteProcessMemory request was completed. (0x12B)
[1212/022013.452:WARNING:pe_image_reader.cc(340)] could not read dos header from C:\Windows\System32\ADVAPI32.dll
[1212/022013.452:ERROR:process_memory_win.cc(73)] ReadMemory at 0x7ffbf4ac0000 of 64 bytes failed: Only part of a ReadProcessMemory or WriteProcessMemory request was completed. (0x12B)
[1212/022013.452:WARNING:pe_image_reader.cc(340)] could not read dos header from C:\Windows\System32\sechost.dll
[1212/022013.452:ERROR:process_memory_win.cc(73)] ReadMemory at 0x7ffbf57f0000 of 64 bytes failed: Only part of a ReadProcessMemory or WriteProcessMemory request was completed. (0x12B)
[1212/022013.452:WARNING:pe_image_reader.cc(340)] could not read dos header from C:\Windows\System32\RPCRT4.dll
[1212/022013.453:ERROR:process_memory_win.cc(73)] ReadMemory at 0x7ffbb0020000 of 64 bytes failed: Only part of a ReadProcessMemory or WriteProcessMemory request was completed. (0x12B)
[1212/022013.453:WARNING:pe_image_reader.cc(340)] could not read dos header from C:\Program Files (x86)\Google\Chrome\Application\87.0.4280.88\chrome.dll
[1212/022013.453:ERROR:process_memory_win.cc(73)] ReadMemory at 0x7ffbf4d60000 of 64 bytes failed: Only part of a ReadProcessMemory or WriteProcessMemory request was completed. (0x12B)
[1212/022013.453:WARNING:pe_image_reader.cc(340)] could not read dos header from C:\Windows\System32\WS2_32.dll
[1212/022013.453:ERROR:process_memory_win.cc(73)] ReadMemory at 0x7ffbf5980000 of 64 bytes failed: Only part of a ReadProcessMemory or WriteProcessMemory request was completed. (0x12B)
[1212/022013.453:WARNING:pe_image_reader.cc(340)] could not read dos header from C:\Windows\System32\OLEAUT32.dll
[1212/022013.453:ERROR:process_memory_win.cc(73)] ReadMemory at 0x7ffbf46e0000 of 64 bytes failed: Only part of a ReadProcessMemory or WriteProcessMemory request was completed. (0x12B)
[1212/022013.453:WARNING:pe_image_reader.cc(340)] could not read dos header from C:\Windows\System32\msvcp_win.dll
[1212/022013.453:ERROR:process_memory_win.cc(73)] ReadMemory at 0x7ffbf4120000 of 64 bytes failed: Only part of a ReadProcessMemory or WriteProcessMemory request was completed. (0x12B)
[1212/022013.453:WARNING:pe_image_reader.cc(340)] could not read dos header from C:\Windows\System32\ucrtbase.dll
[1212/022013.453:ERROR:process_memory_win.cc(73)] ReadMemory at 0x7ffbf5380000 of 64 bytes failed: Only part of a ReadProcessMemory or WriteProcessMemory request was completed. (0x12B)
[1212/022013.453:WARNING:pe_image_reader.cc(340)] could not read dos header from C:\Windows\System32\combase.dll
[1212/022013.453:ERROR:process_memory_win.cc(73)] ReadMemory at 0x7ffbf4780000 of 64 bytes failed: Only part of a ReadProcessMemory or WriteProcessMemory request was completed. (0x12B)
[1212/022013.453:WARNING:pe_image_reader.cc(340)] could not read dos header from C:\Windows\System32\WINTRUST.dll
[1212/022013.453:ERROR:process_memory_win.cc(73)] ReadMemory at 0x7ffbf47e0000 of 64 bytes failed: Only part of a ReadProcessMemory or WriteProcessMemory request was completed. (0x12B)
[1212/022013.453:WARNING:pe_image_reader.cc(340)] could not read dos header from C:\Windows\System32\CRYPT32.dll
[1212/022013.453:ERROR:process_memory_win.cc(73)] ReadMemory at 0x7ffbed720000 of 64 bytes failed: Only part of a ReadProcessMemory or WriteProcessMemory request was completed. (0x12B)
[1212/022013.454:WARNING:pe_image_reader.cc(340)] could not read dos header from C:\Windows\SYSTEM32\dbghelp.dll
[1212/022013.454:ERROR:process_memory_win.cc(73)] ReadMemory at 0x7ffbf3500000 of 64 bytes failed: Only part of a ReadProcessMemory or WriteProcessMemory request was completed. (0x12B)
[1212/022013.454:WARNING:pe_image_reader.cc(340)] could not read dos header from C:\Windows\SYSTEM32\IPHLPAPI.DLL
[1212/022013.454:ERROR:process_memory_win.cc(73)] ReadMemory at 0x7ffbea040000 of 64 bytes failed: Only part of a ReadProcessMemory or WriteProcessMemory request was completed. (0x12B)
[1212/022013.454:WARNING:pe_image_reader.cc(340)] could not read dos header from C:\Windows\SYSTEM32\WINMM.dll
[1212/022013.454:ERROR:process_memory_win.cc(73)] ReadMemory at 0x7ffbdc350000 of 64 bytes failed: Only part of a ReadProcessMemory or WriteProcessMemory request was completed. (0x12B)
[1212/022013.454:WARNING:pe_image_reader.cc(340)] could not read dos header from C:\Windows\SYSTEM32\UIAutomationCore.DLL
[1212/022013.454:ERROR:process_memory_win.cc(73)] ReadMemory at 0x7ffbefa40000 of 64 bytes failed: Only part of a ReadProcessMemory or WriteProcessMemory request was completed. (0x12B)
[1212/022013.454:WARNING:pe_image_reader.cc(340)] could not read dos header from C:\Windows\SYSTEM32\Secur32.dll
[1212/022013.454:ERROR:process_memory_win.cc(73)] ReadMemory at 0x7ffbf3f60000 of 64 bytes failed: Only part of a ReadProcessMemory or WriteProcessMemory request was completed. (0x12B)
[1212/022013.454:WARNING:pe_image_reader.cc(340)] could not read dos header from C:\Windows\SYSTEM32\USERENV.dll
[1212/022013.454:ERROR:process_memory_win.cc(73)] ReadMemory at 0x7ffbe1c20000 of 64 bytes failed: Only part of a ReadProcessMemory or WriteProcessMemory request was completed. (0x12B)
[1212/022013.454:WARNING:pe_image_reader.cc(340)] could not read dos header from C:\Windows\SYSTEM32\DWrite.dll
[1212/022013.454:ERROR:process_memory_win.cc(73)] ReadMemory at 0x7ffbd96a0000 of 64 bytes failed: Only part of a ReadProcessMemory or WriteProcessMemory request was completed. (0x12B)
[1212/022013.454:WARNING:pe_image_reader.cc(340)] could not read dos header from C:\Windows\SYSTEM32\WINSPOOL.DRV
[1212/022013.454:ERROR:process_memory_win.cc(73)] ReadMemory at 0x7ffbeb270000 of 64 bytes failed: Only part of a ReadProcessMemory or WriteProcessMemory request was completed. (0x12B)
[1212/022013.454:WARNING:pe_image_reader.cc(340)] could not read dos header from C:\Windows\SYSTEM32\WINHTTP.dll
[1212/022013.454:ERROR:process_memory_win.cc(73)] ReadMemory at 0x7ffbee890000 of 64 bytes failed: Only part of a ReadProcessMemory or WriteProcessMemory request was completed. (0x12B)
[1212/022013.454:WARNING:pe_image_reader.cc(340)] could not read dos header from C:\Windows\SYSTEM32\dhcpcsvc.DLL
[1212/022013.455:ERROR:process_memory_win.cc(73)] ReadMemory at 0x7ffbef8c0000 of 64 bytes failed: Only part of a ReadProcessMemory or WriteProcessMemory request was completed. (0x12B)
[1212/022013.455:WARNING:pe_image_reader.cc(340)] could not read dos header from C:\Windows\SYSTEM32\PROPSYS.dll
[1212/022013.455:ERROR:process_memory_win.cc(73)] ReadMemory at 0x7ffbf3f20000 of 64 bytes failed: Only part of a ReadProcessMemory or WriteProcessMemory request was completed. (0x12B)
[1212/022013.455:WARNING:pe_image_reader.cc(340)] could not read dos header from C:\Windows\SYSTEM32\SSPICLI.DLL
[1212/022013.455:ERROR:process_memory_win.cc(73)] ReadMemory at 0x7ffbf3c60000 of 64 bytes failed: Only part of a ReadProcessMemory or WriteProcessMemory request was completed. (0x12B)
[1212/022013.455:WARNING:pe_image_reader.cc(340)] could not read dos header from C:\Windows\System32\MSASN1.dll
[1212/022013.455:ERROR:process_memory_win.cc(73)] ReadMemory at 0x7ffbf40a0000 of 64 bytes failed: Only part of a ReadProcessMemory or WriteProcessMemory request was completed. (0x12B)
[1212/022013.455:WARNING:pe_image_reader.cc(340)] could not read dos header from C:\Windows\System32\bcryptPrimitives.dll
[1212/022013.455:ERROR:process_memory_win.cc(73)] ReadMemory at 0x7ffbf5ad0000 of 64 bytes failed: Only part of a ReadProcessMemory or WriteProcessMemory request was completed. (0x12B)
[1212/022013.455:WARNING:pe_image_reader.cc(340)] could not read dos header from C:\Windows\System32\SHELL32.dll
[1212/022013.455:ERROR:process_memory_win.cc(73)] ReadMemory at 0x26302e50000 of 64 bytes failed: Only part of a ReadProcessMemory or WriteProcessMemory request was completed. (0x12B)
[1212/022013.455:WARNING:pe_image_reader.cc(340)] could not read dos header from C:\Windows\System32\USER32.dll
[1212/022013.455:ERROR:process_memory_win.cc(73)] ReadMemory at 0x7ffbf4070000 of 64 bytes failed: Only part of a ReadProcessMemory or WriteProcessMemory request was completed. (0x12B)
[1212/022013.455:WARNING:pe_image_reader.cc(340)] could not read dos header from C:\Windows\System32\win32u.dll
[1212/022013.455:ERROR:process_memory_win.cc(73)] ReadMemory at 0x7ffbf4d30000 of 64 bytes failed: Only part of a ReadProcessMemory or WriteProcessMemory request was completed. (0x12B)
[1212/022013.456:WARNING:pe_image_reader.cc(340)] could not read dos header from C:\Windows\System32\GDI32.dll
[1212/022013.456:ERROR:process_memory_win.cc(73)] ReadMemory at 0x7ffbf44f0000 of 64 bytes failed: Only part of a ReadProcessMemory or WriteProcessMemory request was completed. (0x12B)
[1212/022013.456:WARNING:pe_image_reader.cc(340)] could not read dos header from C:\Windows\System32\gdi32full.dll
[1212/022013.456:ERROR:process_memory_win.cc(73)] ReadMemory at 0x7ffbf4a90000 of 64 bytes failed: Only part of a ReadProcessMemory or WriteProcessMemory request was completed. (0x12B)
[1212/022013.456:WARNING:pe_image_reader.cc(340)] could not read dos header from C:\Windows\System32\IMM32.DLL
[1212/022013.456:ERROR:process_memory_win.cc(73)] ReadMemory at 0x7ffbf1ff0000 of 64 bytes failed: Only part of a ReadProcessMemory or WriteProcessMemory request was completed. (0x12B)
[1212/022013.456:WARNING:pe_image_reader.cc(340)] could not read dos header from C:\Windows\SYSTEM32\windows.storage.dll
[1212/022013.456:ERROR:process_memory_win.cc(73)] ReadMemory at 0x7ffbf3ae0000 of 64 bytes failed: Only part of a ReadProcessMemory or WriteProcessMemory request was completed. (0x12B)
[1212/022013.456:WARNING:pe_image_reader.cc(340)] could not read dos header from C:\Windows\SYSTEM32\Wldp.dll
[1212/022013.456:ERROR:process_memory_win.cc(73)] ReadMemory at 0x7ffbf5180000 of 64 bytes failed: Only part of a ReadProcessMemory or WriteProcessMemory request was completed. (0x12B)
[1212/022013.456:WARNING:pe_image_reader.cc(340)] could not read dos header from C:\Windows\System32\SHCORE.dll
[1212/022013.456:ERROR:process_memory_win.cc(73)] ReadMemory at 0x7ffbf5310000 of 64 bytes failed: Only part of a ReadProcessMemory or WriteProcessMemory request was completed. (0x12B)
[1212/022013.456:WARNING:pe_image_reader.cc(340)] could not read dos header from C:\Windows\System32\shlwapi.dll
[1212/022013.456:ERROR:process_memory_win.cc(73)] ReadMemory at 0x7ffbf3fa0000 of 64 bytes failed: Only part of a ReadProcessMemory or WriteProcessMemory request was completed. (0x12B)
[1212/022013.456:WARNING:pe_image_reader.cc(340)] could not read dos header from C:\Windows\SYSTEM32\profapi.dll
[1212/022013.456:ERROR:process_memory_win.cc(73)] ReadMemory at 0x7ffbf3a50000 of 64 bytes failed: Only part of a ReadProcessMemory or WriteProcessMemory request was completed. (0x12B)
[1212/022013.456:WARNING:pe_image_reader.cc(340)] could not read dos header from C:\Windows\SYSTEM32\CRYPTBASE.DLL
[1212/022013.456:ERROR:process_memory_win.cc(73)] ReadMemory at 0x7ff788b40000 of 64 bytes failed: Only part of a ReadProcessMemory or WriteProcessMemory request was completed. (0x12B)
[1212/022013.456:WARNING:pe_image_reader.cc(340)] could not read dos header from C:\Program Files (x86)\Google\Chrome\Application\chrome.exe
[1212/022013.456:ERROR:process_memory_win.cc(73)] ReadMemory at 0x7ffbf6930000 of 64 bytes failed: Only part of a ReadProcessMemory or WriteProcessMemory request was completed. (0x12B)
[1212/022013.456:WARNING:pe_image_reader.cc(340)] could not read dos header from C:\Windows\SYSTEM32\ntdll.dll
[1212/022013.456:ERROR:process_memory_win.cc(73)] ReadMemory at 0x7ffbf4dd0000 of 64 bytes failed: Only part of a ReadProcessMemory or WriteProcessMemory request was completed. (0x12B)
[1212/022013.457:WARNING:pe_image_reader.cc(340)] could not read dos header from C:\Windows\System32\KERNEL32.DLL
[1212/022013.457:ERROR:process_memory_win.cc(73)] ReadMemory at 0x7ffbf4220000 of 64 bytes failed: Only part of a ReadProcessMemory or WriteProcessMemory request was completed. (0x12B)
[1212/022013.457:WARNING:pe_image_reader.cc(340)] could not read dos header from C:\Windows\System32\KERNELBASE.dll
[1212/022013.457:ERROR:process_memory_win.cc(73)] ReadMemory at 0x7ffbb9490000 of 64 bytes failed: Only part of a ReadProcessMemory or WriteProcessMemory request was completed. (0x12B)
[1212/022013.457:WARNING:pe_image_reader.cc(340)] could not read dos header from C:\Program Files (x86)\Google\Chrome\Application\87.0.4280.88\chrome_elf.dll
[1212/022013.457:ERROR:process_memory_win.cc(73)] ReadMemory at 0x7ffbea070000 of 64 bytes failed: Only part of a ReadProcessMemory or WriteProcessMemory request was completed. (0x12B)
[1212/022013.457:WARNING:pe_image_reader.cc(340)] could not read dos header from C:\Windows\SYSTEM32\VERSION.dll
[1212/022013.457:ERROR:process_memory_win.cc(73)] ReadMemory at 0x7ffbf49f0000 of 64 bytes failed: Only part of a ReadProcessMemory or WriteProcessMemory request was completed. (0x12B)
[1212/022013.457:WARNING:pe_image_reader.cc(340)] could not read dos header from C:\Windows\System32\msvcrt.dll
[1212/022013.457:ERROR:process_memory_win.cc(73)] ReadMemory at 0x7ffbf6220000 of 64 bytes failed: Only part of a ReadProcessMemory or WriteProcessMemory request was completed. (0x12B)
[1212/022013.457:WARNING:pe_image_reader.cc(340)] could not read dos header from C:\Windows\System32\ADVAPI32.dll
[1212/022013.457:ERROR:process_memory_win.cc(73)] ReadMemory at 0x7ffbf4ac0000 of 64 bytes failed: Only part of a ReadProcessMemory or WriteProcessMemory request was completed. (0x12B)
[1212/022013.457:WARNING:pe_image_reader.cc(340)] could not read dos header from C:\Windows\System32\sechost.dll
[1212/022013.457:ERROR:process_memory_win.cc(73)] ReadMemory at 0x7ffbf57f0000 of 64 bytes failed: Only part of a ReadProcessMemory or WriteProcessMemory request was completed. (0x12B)
[1212/022013.457:WARNING:pe_image_reader.cc(340)] could not read dos header from C:\Windows\System32\RPCRT4.dll
[1212/022013.457:ERROR:process_memory_win.cc(73)] ReadMemory at 0x7ffbb0020000 of 64 bytes failed: Only part of a ReadProcessMemory or WriteProcessMemory request was completed. (0x12B)
[1212/022013.457:WARNING:pe_image_reader.cc(340)] could not read dos header from C:\Program Files (x86)\Google\Chrome\Application\87.0.4280.88\chrome.dll
[1212/022013.457:ERROR:process_memory_win.cc(73)] ReadMemory at 0x7ffbf4d60000 of 64 bytes failed: Only part of a ReadProcessMemory or WriteProcessMemory request was completed. (0x12B)
[1212/022013.457:WARNING:pe_image_reader.cc(340)] could not read dos header from C:\Windows\System32\WS2_32.dll
[1212/022013.457:ERROR:process_memory_win.cc(73)] ReadMemory at 0x7ffbf5980000 of 64 bytes failed: Only part of a ReadProcessMemory or WriteProcessMemory request was completed. (0x12B)
[1212/022013.457:WARNING:pe_image_reader.cc(340)] could not read dos header from C:\Windows\System32\OLEAUT32.dll
[1212/022013.457:ERROR:process_memory_win.cc(73)] ReadMemory at 0x7ffbf46e0000 of 64 bytes failed: Only part of a ReadProcessMemory or WriteProcessMemory request was completed. (0x12B)
[1212/022013.458:WARNING:pe_image_reader.cc(340)] could not read dos header from C:\Windows\System32\msvcp_win.dll
[1212/022013.458:ERROR:process_memory_win.cc(73)] ReadMemory at 0x7ffbf4120000 of 64 bytes failed: Only part of a ReadProcessMemory or WriteProcessMemory request was completed. (0x12B)
[1212/022013.458:WARNING:pe_image_reader.cc(340)] could not read dos header from C:\Windows\System32\ucrtbase.dll
[1212/022013.458:ERROR:process_memory_win.cc(73)] ReadMemory at 0x7ffbf5380000 of 64 bytes failed: Only part of a ReadProcessMemory or WriteProcessMemory request was completed. (0x12B)
[1212/022013.458:WARNING:pe_image_reader.cc(340)] could not read dos header from C:\Windows\System32\combase.dll
[1212/022013.458:ERROR:process_memory_win.cc(73)] ReadMemory at 0x7ffbf4780000 of 64 bytes failed: Only part of a ReadProcessMemory or WriteProcessMemory request was completed. (0x12B)
[1212/022013.458:WARNING:pe_image_reader.cc(340)] could not read dos header from C:\Windows\System32\WINTRUST.dll
[1212/022013.458:ERROR:process_memory_win.cc(73)] ReadMemory at 0x7ffbf47e0000 of 64 bytes failed: Only part of a ReadProcessMemory or WriteProcessMemory request was completed. (0x12B)
[1212/022013.458:WARNING:pe_image_reader.cc(340)] could not read dos header from C:\Windows\System32\CRYPT32.dll
[1212/022013.458:ERROR:process_memory_win.cc(73)] ReadMemory at 0x7ffbed720000 of 64 bytes failed: Only part of a ReadProcessMemory or WriteProcessMemory request was completed. (0x12B)
[1212/022013.458:WARNING:pe_image_reader.cc(340)] could not read dos header from C:\Windows\SYSTEM32\dbghelp.dll
[1212/022013.458:ERROR:process_memory_win.cc(73)] ReadMemory at 0x7ffbf3500000 of 64 bytes failed: Only part of a ReadProcessMemory or WriteProcessMemory request was completed. (0x12B)
[1212/022013.458:WARNING:pe_image_reader.cc(340)] could not read dos header from C:\Windows\SYSTEM32\IPHLPAPI.DLL
[1212/022013.458:ERROR:process_memory_win.cc(73)] ReadMemory at 0x7ffbea040000 of 64 bytes failed: Only part of a ReadProcessMemory or WriteProcessMemory request was completed. (0x12B)
[1212/022013.458:WARNING:pe_image_reader.cc(340)] could not read dos header from C:\Windows\SYSTEM32\WINMM.dll
[1212/022013.458:ERROR:process_memory_win.cc(73)] ReadMemory at 0x7ffbdc350000 of 64 bytes failed: Only part of a ReadProcessMemory or WriteProcessMemory request was completed. (0x12B)
[1212/022013.459:WARNING:pe_image_reader.cc(340)] could not read dos header from C:\Windows\SYSTEM32\UIAutomationCore.DLL
[1212/022013.459:ERROR:process_memory_win.cc(73)] ReadMemory at 0x7ffbefa40000 of 64 bytes failed: Only part of a ReadProcessMemory or WriteProcessMemory request was completed. (0x12B)
[1212/022013.459:WARNING:pe_image_reader.cc(340)] could not read dos header from C:\Windows\SYSTEM32\Secur32.dll
[1212/022013.459:ERROR:process_memory_win.cc(73)] ReadMemory at 0x7ffbf3f60000 of 64 bytes failed: Only part of a ReadProcessMemory or WriteProcessMemory request was completed. (0x12B)
[1212/022013.459:WARNING:pe_image_reader.cc(340)] could not read dos header from C:\Windows\SYSTEM32\USERENV.dll
[1212/022013.459:ERROR:process_memory_win.cc(73)] ReadMemory at 0x7ffbe1c20000 of 64 bytes failed: Only part of a ReadProcessMemory or WriteProcessMemory request was completed. (0x12B)
[1212/022013.459:WARNING:pe_image_reader.cc(340)] could not read dos header from C:\Windows\SYSTEM32\DWrite.dll
[1212/022013.459:ERROR:process_memory_win.cc(73)] ReadMemory at 0x7ffbd96a0000 of 64 bytes failed: Only part of a ReadProcessMemory or WriteProcessMemory request was completed. (0x12B)
[1212/022013.459:WARNING:pe_image_reader.cc(340)] could not read dos header from C:\Windows\SYSTEM32\WINSPOOL.DRV
[1212/022013.459:ERROR:process_memory_win.cc(73)] ReadMemory at 0x7ffbeb270000 of 64 bytes failed: Only part of a ReadProcessMemory or WriteProcessMemory request was completed. (0x12B)
[1212/022013.459:WARNING:pe_image_reader.cc(340)] could not read dos header from C:\Windows\SYSTEM32\WINHTTP.dll
[1212/022013.459:ERROR:process_memory_win.cc(73)] ReadMemory at 0x7ffbee890000 of 64 bytes failed: Only part of a ReadProcessMemory or WriteProcessMemory request was completed. (0x12B)
[1212/022013.459:WARNING:pe_image_reader.cc(340)] could not read dos header from C:\Windows\SYSTEM32\dhcpcsvc.DLL
[1212/022013.460:ERROR:process_memory_win.cc(73)] ReadMemory at 0x7ffbef8c0000 of 64 bytes failed: Only part of a ReadProcessMemory or WriteProcessMemory request was completed. (0x12B)
[1212/022013.460:WARNING:pe_image_reader.cc(340)] could not read dos header from C:\Windows\SYSTEM32\PROPSYS.dll
[1212/022013.460:ERROR:process_memory_win.cc(73)] ReadMemory at 0x7ffbf3f20000 of 64 bytes failed: Only part of a ReadProcessMemory or WriteProcessMemory request was completed. (0x12B)
[1212/022013.460:WARNING:pe_image_reader.cc(340)] could not read dos header from C:\Windows\SYSTEM32\SSPICLI.DLL
[1212/022013.460:ERROR:process_memory_win.cc(73)] ReadMemory at 0x7ffbf3c60000 of 64 bytes failed: Only part of a ReadProcessMemory or WriteProcessMemory request was completed. (0x12B)
[1212/022013.460:WARNING:pe_image_reader.cc(340)] could not read dos header from C:\Windows\System32\MSASN1.dll
[1212/022013.460:ERROR:process_memory_win.cc(73)] ReadMemory at 0x7ffbf40a0000 of 64 bytes failed: Only part of a ReadProcessMemory or WriteProcessMemory request was completed. (0x12B)
[1212/022013.460:WARNING:pe_image_reader.cc(340)] could not read dos header from C:\Windows\System32\bcryptPrimitives.dll
[1212/022013.460:ERROR:process_memory_win.cc(73)] ReadMemory at 0x7ffbf5ad0000 of 64 bytes failed: Only part of a ReadProcessMemory or WriteProcessMemory request was completed. (0x12B)
[1212/022013.460:WARNING:pe_image_reader.cc(340)] could not read dos header from C:\Windows\System32\SHELL32.dll
[1212/022013.460:ERROR:process_memory_win.cc(73)] ReadMemory at 0x26302e50000 of 64 bytes failed: Only part of a ReadProcessMemory or WriteProcessMemory request was completed. (0x12B)
[1212/022013.460:WARNING:pe_image_reader.cc(340)] could not read dos header from C:\Windows\System32\USER32.dll
[1212/022013.460:ERROR:process_memory_win.cc(73)] ReadMemory at 0x7ffbf4070000 of 64 bytes failed: Only part of a ReadProcessMemory or WriteProcessMemory request was completed. (0x12B)
[1212/022013.460:WARNING:pe_image_reader.cc(340)] could not read dos header from C:\Windows\System32\win32u.dll
[1212/022013.460:ERROR:process_memory_win.cc(73)] ReadMemory at 0x7ffbf4d30000 of 64 bytes failed: Only part of a ReadProcessMemory or WriteProcessMemory request was completed. (0x12B)
[1212/022013.460:WARNING:pe_image_reader.cc(340)] could not read dos header from C:\Windows\System32\GDI32.dll
[1212/022013.460:ERROR:process_memory_win.cc(73)] ReadMemory at 0x7ffbf44f0000 of 64 bytes failed: Only part of a ReadProcessMemory or WriteProcessMemory request was completed. (0x12B)
[1212/022013.460:WARNING:pe_image_reader.cc(340)] could not read dos header from C:\Windows\System32\gdi32full.dll
[1212/022013.460:ERROR:process_memory_win.cc(73)] ReadMemory at 0x7ffbf4a90000 of 64 bytes failed: Only part of a ReadProcessMemory or WriteProcessMemory request was completed. (0x12B)
[1212/022013.461:WARNING:pe_image_reader.cc(340)] could not read dos header from C:\Windows\System32\IMM32.DLL
[1212/022013.461:ERROR:process_memory_win.cc(73)] ReadMemory at 0x7ffbf1ff0000 of 64 bytes failed: Only part of a ReadProcessMemory or WriteProcessMemory request was completed. (0x12B)
[1212/022013.461:WARNING:pe_image_reader.cc(340)] could not read dos header from C:\Windows\SYSTEM32\windows.storage.dll
[1212/022013.461:ERROR:process_memory_win.cc(73)] ReadMemory at 0x7ffbf3ae0000 of 64 bytes failed: Only part of a ReadProcessMemory or WriteProcessMemory request was completed. (0x12B)
[1212/022013.461:WARNING:pe_image_reader.cc(340)] could not read dos header from C:\Windows\SYSTEM32\Wldp.dll
[1212/022013.461:ERROR:process_memory_win.cc(73)] ReadMemory at 0x7ffbf5180000 of 64 bytes failed: Only part of a ReadProcessMemory or WriteProcessMemory request was completed. (0x12B)
[1212/022013.461:WARNING:pe_image_reader.cc(340)] could not read dos header from C:\Windows\System32\SHCORE.dll
[1212/022013.461:ERROR:process_memory_win.cc(73)] ReadMemory at 0x7ffbf5310000 of 64 bytes failed: Only part of a ReadProcessMemory or WriteProcessMemory request was completed. (0x12B)
[1212/022013.461:WARNING:pe_image_reader.cc(340)] could not read dos header from C:\Windows\System32\shlwapi.dll
[1212/022013.461:ERROR:process_memory_win.cc(73)] ReadMemory at 0x7ffbf3fa0000 of 64 bytes failed: Only part of a ReadProcessMemory or WriteProcessMemory request was completed. (0x12B)
[1212/022013.461:WARNING:pe_image_reader.cc(340)] could not read dos header from C:\Windows\SYSTEM32\profapi.dll
[1212/022013.462:ERROR:process_memory_win.cc(73)] ReadMemory at 0x7ffbf3a50000 of 64 bytes failed: Only part of a ReadProcessMemory or WriteProcessMemory request was completed. (0x12B)
[1212/022013.462:WARNING:pe_image_reader.cc(340)] could not read dos header from C:\Windows\SYSTEM32\CRYPTBASE.DLL
[1212/022013.475:ERROR:process_memory_win.cc(73)] ReadMemory at 0xa57efe0000 of 131072 bytes failed: Only part of a ReadProcessMemory or WriteProcessMemory request was completed. (0x12B)
[1212/022013.476:ERROR:process_memory_win.cc(73)] ReadMemory at 0xa57f7fe000 of 8192 bytes failed: Only part of a ReadProcessMemory or WriteProcessMemory request was completed. (0x12B)
[1212/022013.476:ERROR:process_memory_win.cc(73)] ReadMemory at 0xa57fffa000 of 24576 bytes failed: Only part of a ReadProcessMemory or WriteProcessMemory request was completed. (0x12B)
[1212/022013.476:ERROR:process_memory_win.cc(73)] ReadMemory at 0xa5007fe000 of 8192 bytes failed: Only part of a ReadProcessMemory or WriteProcessMemory request was completed. (0x12B)
[1212/022013.476:ERROR:process_memory_win.cc(73)] ReadMemory at 0xa500ffc000 of 16384 bytes failed: Only part of a ReadProcessMemory or WriteProcessMemory request was completed. (0x12B)
[1212/022013.476:ERROR:process_memory_win.cc(73)] ReadMemory at 0xa5017fe000 of 8192 bytes failed: Only part of a ReadProcessMemory or WriteProcessMemory request was completed. (0x12B)
[1212/022013.476:ERROR:process_memory_win.cc(73)] ReadMemory at 0xa501ffe000 of 8192 bytes failed: Only part of a ReadProcessMemory or WriteProcessMemory request was completed. (0x12B)
[1212/022013.476:ERROR:process_memory_win.cc(73)] ReadMemory at 0xa5027fe000 of 8192 bytes failed: Only part of a ReadProcessMemory or WriteProcessMemory request was completed. (0x12B)
[1212/022013.476:ERROR:process_memory_win.cc(73)] ReadMemory at 0xa502ffc000 of 16384 bytes failed: Only part of a ReadProcessMemory or WriteProcessMemory request was completed. (0x12B)
[1212/022013.477:ERROR:process_memory_win.cc(73)] ReadMemory at 0xa5037fe000 of 8192 bytes failed: Only part of a ReadProcessMemory or WriteProcessMemory request was completed. (0x12B)
[1212/022013.477:ERROR:process_memory_win.cc(73)] ReadMemory at 0xa503ffe000 of 8192 bytes failed: Only part of a ReadProcessMemory or WriteProcessMemory request was completed. (0x12B)
[1212/022013.477:ERROR:process_memory_win.cc(73)] ReadMemory at 0xa5047fc000 of 16384 bytes failed: Only part of a ReadProcessMemory or WriteProcessMemory request was completed. (0x12B)
[1212/022013.477:ERROR:process_memory_win.cc(73)] ReadMemory at 0xa504ffe000 of 8192 bytes failed: Only part of a ReadProcessMemory or WriteProcessMemory request was completed. (0x12B)
[1212/022013.477:ERROR:process_memory_win.cc(73)] ReadMemory at 0xa5057fe000 of 8192 bytes failed: Only part of a ReadProcessMemory or WriteProcessMemory request was completed. (0x12B)
[1212/022013.477:ERROR:process_memory_win.cc(73)] ReadMemory at 0xa57e759000 of 852 bytes failed: Only part of a ReadProcessMemory or WriteProcessMemory request was completed. (0x12B)
[1212/022013.477:ERROR:process_memory_win.cc(73)] ReadMemory at 0xa57e75a000 of 6024 bytes failed: Only part of a ReadProcessMemory or WriteProcessMemory request was completed. (0x12B)
[1212/022013.477:ERROR:process_memory_win.cc(73)] ReadMemory at 0xa57e75c000 of 6024 bytes failed: Only part of a ReadProcessMemory or WriteProcessMemory request was completed. (0x12B)
[1212/022013.478:ERROR:process_memory_win.cc(73)] ReadMemory at 0xa57e75e000 of 6024 bytes failed: Only part of a ReadProcessMemory or WriteProcessMemory request was completed. (0x12B)
[1212/022013.478:ERROR:process_memory_win.cc(73)] ReadMemory at 0xa57e760000 of 6024 bytes failed: Only part of a ReadProcessMemory or WriteProcessMemory request was completed. (0x12B)
[1212/022013.478:ERROR:process_memory_win.cc(73)] ReadMemory at 0xa57e762000 of 6024 bytes failed: Only part of a ReadProcessMemory or WriteProcessMemory request was completed. (0x12B)
[1212/022013.478:ERROR:process_memory_win.cc(73)] ReadMemory at 0xa57e764000 of 6024 bytes failed: Only part of a ReadProcessMemory or WriteProcessMemory request was completed. (0x12B)
[1212/022013.478:ERROR:process_memory_win.cc(73)] ReadMemory at 0xa57e766000 of 6024 bytes failed: Only part of a ReadProcessMemory or WriteProcessMemory request was completed. (0x12B)
[1212/022013.478:ERROR:process_memory_win.cc(73)] ReadMemory at 0xa57e768000 of 6024 bytes failed: Only part of a ReadProcessMemory or WriteProcessMemory request was completed. (0x12B)
[1212/022013.478:ERROR:process_memory_win.cc(73)] ReadMemory at 0xa57e76a000 of 6024 bytes failed: Only part of a ReadProcessMemory or WriteProcessMemory request was completed. (0x12B)
[1212/022013.479:ERROR:process_memory_win.cc(73)] ReadMemory at 0xa57e76c000 of 6024 bytes failed: Only part of a ReadProcessMemory or WriteProcessMemory request was completed. (0x12B)
[1212/022013.479:ERROR:process_memory_win.cc(73)] ReadMemory at 0xa57e76e000 of 6024 bytes failed: Only part of a ReadProcessMemory or WriteProcessMemory request was completed. (0x12B)
[1212/022013.479:ERROR:process_memory_win.cc(73)] ReadMemory at 0xa57e770000 of 6024 bytes failed: Only part of a ReadProcessMemory or WriteProcessMemory request was completed. (0x12B)
[1212/022013.479:ERROR:process_memory_win.cc(73)] ReadMemory at 0xa57e772000 of 6024 bytes failed: Only part of a ReadProcessMemory or WriteProcessMemory request was completed. (0x12B)
[1212/022013.479:ERROR:process_memory_win.cc(73)] ReadMemory at 0xa57e774000 of 6024 bytes failed: Only part of a ReadProcessMemory or WriteProcessMemory request was completed. (0x12B)
[1212/022013.479:ERROR:process_memory_win.cc(73)] ReadMemory at 0x263014d00d0 of 512 bytes failed: Only part of a ReadProcessMemory or WriteProcessMemory request was completed. (0x12B)
[1212/022013.479:ERROR:process_memory_win.cc(73)] ReadMemory at 0x263014d0fe0 of 3626 bytes failed: Only part of a ReadProcessMemory or WriteProcessMemory request was completed. (0x12B)
[1212/022013.479:ERROR:process_memory_win.cc(73)] ReadMemory at 0x263014d1e20 of 1012 bytes failed: Only part of a ReadProcessMemory or WriteProcessMemory request was completed. (0x12B)
[1212/022013.480:ERROR:process_memory_win.cc(73)] ReadMemory at 0x263014d2468 of 118 bytes failed: Only part of a ReadProcessMemory or WriteProcessMemory request was completed. (0x12B)
[1212/022013.480:ERROR:process_memory_win.cc(73)] ReadMemory at 0x263014d24e0 of 1256 bytes failed: Only part of a ReadProcessMemory or WriteProcessMemory request was completed. (0x12B)
[1212/022013.480:ERROR:process_memory_win.cc(73)] ReadMemory at 0x263014d29ca of 118 bytes failed: Only part of a ReadProcessMemory or WriteProcessMemory request was completed. (0x12B)
[1212/022013.480:ERROR:process_memory_win.cc(73)] ReadMemory at 0x263014d2a42 of 96 bytes failed: Only part of a ReadProcessMemory or WriteProcessMemory request was completed. (0x12B)
[1212/022013.480:ERROR:process_memory_win.cc(73)] ReadMemory at 0x263014d2ab0 of 58 bytes failed: Only part of a ReadProcessMemory or WriteProcessMemory request was completed. (0x12B)
[1212/022013.480:ERROR:process_memory_win.cc(73)] ReadMemory at 0x263014d2bb0 of 132 bytes failed: Only part of a ReadProcessMemory or WriteProcessMemory request was completed. (0x12B)
[1212/022013.480:ERROR:process_memory_win.cc(73)] ReadMemory at 0x263014d2d40 of 132 bytes failed: Only part of a ReadProcessMemory or WriteProcessMemory request was completed. (0x12B)
[1212/022013.480:ERROR:process_memory_win.cc(73)] ReadMemory at 0x263014d2f00 of 124 bytes failed: Only part of a ReadProcessMemory or WriteProcessMemory request was completed. (0x12B)
[1212/022013.480:ERROR:process_memory_win.cc(73)] ReadMemory at 0x263014d3400 of 132 bytes failed: Only part of a ReadProcessMemory or WriteProcessMemory request was completed. (0x12B)
[1212/022013.480:ERROR:process_memory_win.cc(73)] ReadMemory at 0x263014d3590 of 64 bytes failed: Only part of a ReadProcessMemory or WriteProcessMemory request was completed. (0x12B)
[1212/022013.481:ERROR:process_memory_win.cc(73)] ReadMemory at 0x263014d3750 of 132 bytes failed: Only part of a ReadProcessMemory or WriteProcessMemory request was completed. (0x12B)
[1212/022013.481:ERROR:process_memory_win.cc(73)] ReadMemory at 0x263014d3a10 of 132 bytes failed: Only part of a ReadProcessMemory or WriteProcessMemory request was completed. (0x12B)
[1212/022013.481:ERROR:process_memory_win.cc(73)] ReadMemory at 0x263014d3ba0 of 68 bytes failed: Only part of a ReadProcessMemory or WriteProcessMemory request was completed. (0x12B)
[1212/022013.481:ERROR:process_memory_win.cc(73)] ReadMemory at 0x263014d4d60 of 132 bytes failed: Only part of a ReadProcessMemory or WriteProcessMemory request was completed. (0x12B)
[1212/022013.481:ERROR:process_memory_win.cc(73)] ReadMemory at 0x263014d4e90 of 152 bytes failed: Only part of a ReadProcessMemory or WriteProcessMemory request was completed. (0x12B)
[1212/022013.481:ERROR:process_memory_win.cc(73)] ReadMemory at 0x263014d5b40 of 60 bytes failed: Only part of a ReadProcessMemory or WriteProcessMemory request was completed. (0x12B)
[1212/022013.481:ERROR:process_memory_win.cc(73)] ReadMemory at 0x263014d5bd0 of 62 bytes failed: Only part of a ReadProcessMemory or WriteProcessMemory request was completed. (0x12B)
[1212/022013.481:ERROR:process_memory_win.cc(73)] ReadMemory at 0x263014d6180 of 132 bytes failed: Only part of a ReadProcessMemory or WriteProcessMemory request was completed. (0x12B)
[1212/022013.481:ERROR:process_memory_win.cc(73)] ReadMemory at 0x263014ddbb0 of 60 bytes failed: Only part of a ReadProcessMemory or WriteProcessMemory request was completed. (0x12B)
[1212/022013.481:ERROR:process_memory_win.cc(73)] ReadMemory at 0x263014e0b00 of 80 bytes failed: Only part of a ReadProcessMemory or WriteProcessMemory request was completed. (0x12B)
[1212/022013.482:ERROR:process_memory_win.cc(73)] ReadMemory at 0x263014e34a0 of 132 bytes failed: Only part of a ReadProcessMemory or WriteProcessMemory request was completed. (0x12B)
[1212/022013.482:ERROR:process_memory_win.cc(73)] ReadMemory at 0x263014e55b0 of 132 bytes failed: Only part of a ReadProcessMemory or WriteProcessMemory request was completed. (0x12B)
[1212/022013.482:ERROR:process_memory_win.cc(73)] ReadMemory at 0x263014e5900 of 132 bytes failed: Only part of a ReadProcessMemory or WriteProcessMemory request was completed. (0x12B)
[1212/022013.482:ERROR:process_memory_win.cc(73)] ReadMemory at 0x263014e7510 of 132 bytes failed: Only part of a ReadProcessMemory or WriteProcessMemory request was completed. (0x12B)
[1212/022013.482:ERROR:process_memory_win.cc(73)] ReadMemory at 0x263014e7b90 of 132 bytes failed: Only part of a ReadProcessMemory or WriteProcessMemory request was completed. (0x12B)
[1212/022013.482:ERROR:process_memory_win.cc(73)] ReadMemory at 0x263014e7cc0 of 132 bytes failed: Only part of a ReadProcessMemory or WriteProcessMemory request was completed. (0x12B)
[1212/022013.482:ERROR:process_memory_win.cc(73)] ReadMemory at 0x263014e7df0 of 144 bytes failed: Only part of a ReadProcessMemory or WriteProcessMemory request was completed. (0x12B)
[1212/022013.482:ERROR:process_memory_win.cc(73)] ReadMemory at 0x263014ea8b0 of 132 bytes failed: Only part of a ReadProcessMemory or WriteProcessMemory request was completed. (0x12B)
[1212/022013.482:ERROR:process_memory_win.cc(73)] ReadMemory at 0x263014eab50 of 64 bytes failed: Only part of a ReadProcessMemory or WriteProcessMemory request was completed. (0x12B)
[1212/022013.482:ERROR:process_memory_win.cc(73)] ReadMemory at 0x263014eace0 of 62 bytes failed: Only part of a ReadProcessMemory or WriteProcessMemory request was completed. (0x12B)
[1212/022013.483:ERROR:process_memory_win.cc(73)] ReadMemory at 0x263014eae20 of 64 bytes failed: Only part of a ReadProcessMemory or WriteProcessMemory request was completed. (0x12B)
[1212/022013.483:ERROR:process_memory_win.cc(73)] ReadMemory at 0x263014eafb0 of 64 bytes failed: Only part of a ReadProcessMemory or WriteProcessMemory request was completed. (0x12B)
[1212/022013.483:ERROR:process_memory_win.cc(73)] ReadMemory at 0x263014eb000 of 62 bytes failed: Only part of a ReadProcessMemory or WriteProcessMemory request was completed. (0x12B)
[1212/022013.483:ERROR:process_memory_win.cc(73)] ReadMemory at 0x263014eb0a0 of 62 bytes failed: Only part of a ReadProcessMemory or WriteProcessMemory request was completed. (0x12B)
[1212/022013.483:ERROR:process_memory_win.cc(73)] ReadMemory at 0x263014eb140 of 60 bytes failed: Only part of a ReadProcessMemory or WriteProcessMemory request was completed. (0x12B)
[1212/022013.483:ERROR:process_memory_win.cc(73)] ReadMemory at 0x263014eb1e0 of 64 bytes failed: Only part of a ReadProcessMemory or WriteProcessMemory request was completed. (0x12B)
[1212/022013.483:ERROR:process_memory_win.cc(73)] ReadMemory at 0x263014eb280 of 62 bytes failed: Only part of a ReadProcessMemory or WriteProcessMemory request was completed. (0x12B)
[1212/022013.483:ERROR:process_memory_win.cc(73)] ReadMemory at 0x263014eb370 of 64 bytes failed: Only part of a ReadProcessMemory or WriteProcessMemory request was completed. (0x12B)
[1212/022013.483:ERROR:process_memory_win.cc(73)] ReadMemory at 0x263014eb410 of 62 bytes failed: Only part of a ReadProcessMemory or WriteProcessMemory request was completed. (0x12B)
[1212/022013.484:ERROR:process_memory_win.cc(73)] ReadMemory at 0x263014eb4b0 of 64 bytes failed: Only part of a ReadProcessMemory or WriteProcessMemory request was completed. (0x12B)
[1212/022013.484:ERROR:process_memory_win.cc(73)] ReadMemory at 0x263014eb500 of 62 bytes failed: Only part of a ReadProcessMemory or WriteProcessMemory request was completed. (0x12B)
[1212/022013.484:ERROR:process_memory_win.cc(73)] ReadMemory at 0x263014eb550 of 62 bytes failed: Only part of a ReadProcessMemory or WriteProcessMemory request was completed. (0x12B)
[1212/022013.484:ERROR:process_memory_win.cc(73)] ReadMemory at 0x263014eb5a0 of 58 bytes failed: Only part of a ReadProcessMemory or WriteProcessMemory request was completed. (0x12B)
[1212/022013.484:ERROR:process_memory_win.cc(73)] ReadMemory at 0x263014eb6e0 of 66 bytes failed: Only part of a ReadProcessMemory or WriteProcessMemory request was completed. (0x12B)
[1212/022013.484:ERROR:process_memory_win.cc(73)] ReadMemory at 0x263014eb730 of 62 bytes failed: Only part of a ReadProcessMemory or WriteProcessMemory request was completed. (0x12B)
[1212/022013.485:ERROR:process_memory_win.cc(73)] ReadMemory at 0x263014eb780 of 60 bytes failed: Only part of a ReadProcessMemory or WriteProcessMemory request was completed. (0x12B)
[1212/022013.485:ERROR:process_memory_win.cc(73)] ReadMemory at 0x263014eb8c0 of 64 bytes failed: Only part of a ReadProcessMemory or WriteProcessMemory request was completed. (0x12B)
[1212/022013.485:ERROR:process_memory_win.cc(73)] ReadMemory at 0x263014eb9b0 of 62 bytes failed: Only part of a ReadProcessMemory or WriteProcessMemory request was completed. (0x12B)
[1212/022013.485:ERROR:process_memory_win.cc(73)] ReadMemory at 0x263014eba00 of 60 bytes failed: Only part of a ReadProcessMemory or WriteProcessMemory request was completed. (0x12B)
[1212/022013.485:ERROR:process_memory_win.cc(73)] ReadMemory at 0x263014eeb80 of 132 bytes failed: Only part of a ReadProcessMemory or WriteProcessMemory request was completed. (0x12B)
[1212/022013.485:ERROR:process_memory_win.cc(73)] ReadMemory at 0x263014eecb0 of 132 bytes failed: Only part of a ReadProcessMemory or WriteProcessMemory request was completed. (0x12B)
[1212/022013.485:ERROR:process_memory_win.cc(73)] ReadMemory at 0x263014eede0 of 132 bytes failed: Only part of a ReadProcessMemory or WriteProcessMemory request was completed. (0x12B)
[1212/022013.485:ERROR:process_memory_win.cc(73)] ReadMemory at 0x263014eef10 of 132 bytes failed: Only part of a ReadProcessMemory or WriteProcessMemory request was completed. (0x12B)
[1212/022013.485:ERROR:process_memory_win.cc(73)] ReadMemory at 0x263014ef040 of 132 bytes failed: Only part of a ReadProcessMemory or WriteProcessMemory request was completed. (0x12B)
[1212/022013.485:ERROR:process_memory_win.cc(73)] ReadMemory at 0x263014ef170 of 132 bytes failed: Only part of a ReadProcessMemory or WriteProcessMemory request was completed. (0x12B)
[1212/022013.486:ERROR:process_memory_win.cc(73)] ReadMemory at 0x263014ef2a0 of 132 bytes failed: Only part of a ReadProcessMemory or WriteProcessMemory request was completed. (0x12B)
[1212/022013.486:ERROR:process_memory_win.cc(73)] ReadMemory at 0x263014ef3d0 of 132 bytes failed: Only part of a ReadProcessMemory or WriteProcessMemory request was completed. (0x12B)
[1212/022013.486:ERROR:process_memory_win.cc(73)] ReadMemory at 0x263014ef500 of 132 bytes failed: Only part of a ReadProcessMemory or WriteProcessMemory request was completed. (0x12B)
[1212/022013.486:ERROR:process_memory_win.cc(73)] ReadMemory at 0x263014ef630 of 132 bytes failed: Only part of a ReadProcessMemory or WriteProcessMemory request was completed. (0x12B)
[1212/022013.486:ERROR:process_memory_win.cc(73)] ReadMemory at 0x263014ef760 of 132 bytes failed: Only part of a ReadProcessMemory or WriteProcessMemory request was completed. (0x12B)
[1212/022013.486:ERROR:process_memory_win.cc(73)] ReadMemory at 0x263014ef890 of 132 bytes failed: Only part of a ReadProcessMemory or WriteProcessMemory request was completed. (0x12B)
[1212/022013.486:ERROR:process_memory_win.cc(73)] ReadMemory at 0x263014ef9c0 of 132 bytes failed: Only part of a ReadProcessMemory or WriteProcessMemory request was completed. (0x12B)
[1212/022013.487:ERROR:process_memory_win.cc(73)] ReadMemory at 0x263014efb40 of 132 bytes failed: Only part of a ReadProcessMemory or WriteProcessMemory request was completed. (0x12B)
[1212/022013.487:ERROR:process_memory_win.cc(73)] ReadMemory at 0x263014efe60 of 132 bytes failed: Only part of a ReadProcessMemory or WriteProcessMemory request was completed. (0x12B)
[1212/022013.487:ERROR:process_memory_win.cc(73)] ReadMemory at 0x263014f0720 of 132 bytes failed: Only part of a ReadProcessMemory or WriteProcessMemory request was completed. (0x12B)
[1212/022013.487:ERROR:process_memory_win.cc(73)] ReadMemory at 0x263014f0d10 of 132 bytes failed: Only part of a ReadProcessMemory or WriteProcessMemory request was completed. (0x12B)
[1212/022013.487:ERROR:process_memory_win.cc(73)] ReadMemory at 0x263014f0e40 of 132 bytes failed: Only part of a ReadProcessMemory or WriteProcessMemory request was completed. (0x12B)
[1212/022013.487:ERROR:process_memory_win.cc(73)] ReadMemory at 0x263014f0f70 of 132 bytes failed: Only part of a ReadProcessMemory or WriteProcessMemory request was completed. (0x12B)
[1212/022013.487:ERROR:process_memory_win.cc(73)] ReadMemory at 0x263014f11d0 of 132 bytes failed: Only part of a ReadProcessMemory or WriteProcessMemory request was completed. (0x12B)
[1212/022013.487:ERROR:process_memory_win.cc(73)] ReadMemory at 0x263014f1300 of 132 bytes failed: Only part of a ReadProcessMemory or WriteProcessMemory request was completed. (0x12B)
[1212/022013.488:ERROR:process_memory_win.cc(73)] ReadMemory at 0x263014f1560 of 132 bytes failed: Only part of a ReadProcessMemory or WriteProcessMemory request was completed. (0x12B)
[1212/022013.488:ERROR:process_memory_win.cc(73)] ReadMemory at 0x263014f18f0 of 132 bytes failed: Only part of a ReadProcessMemory or WriteProcessMemory request was completed. (0x12B)
[1212/022013.488:ERROR:process_memory_win.cc(73)] ReadMemory at 0x263014f1c80 of 132 bytes failed: Only part of a ReadProcessMemory or WriteProcessMemory request was completed. (0x12B)
[1212/022013.488:ERROR:process_memory_win.cc(73)] ReadMemory at 0x263014f1ee0 of 132 bytes failed: Only part of a ReadProcessMemory or WriteProcessMemory request was completed. (0x12B)
[1212/022013.488:ERROR:process_memory_win.cc(73)] ReadMemory at 0x263014f2010 of 132 bytes failed: Only part of a ReadProcessMemory or WriteProcessMemory request was completed. (0x12B)
[1212/022013.488:ERROR:process_memory_win.cc(73)] ReadMemory at 0x263014f2140 of 132 bytes failed: Only part of a ReadProcessMemory or WriteProcessMemory request was completed. (0x12B)
[1212/022013.488:ERROR:process_memory_win.cc(73)] ReadMemory at 0x263014f2270 of 132 bytes failed: Only part of a ReadProcessMemory or WriteProcessMemory request was completed. (0x12B)
[1212/022013.488:ERROR:process_memory_win.cc(73)] ReadMemory at 0x263014f23a0 of 132 bytes failed: Only part of a ReadProcessMemory or WriteProcessMemory request was completed. (0x12B)
[1212/022013.488:ERROR:process_memory_win.cc(73)] ReadMemory at 0x26301501f10 of 80 bytes failed: Only part of a ReadProcessMemory or WriteProcessMemory request was completed. (0x12B)
[1212/022013.488:ERROR:process_memory_win.cc(73)] ReadMemory at 0x263015024b0 of 78 bytes failed: Only part of a ReadProcessMemory or WriteProcessMemory request was completed. (0x12B)
[1212/022013.488:ERROR:process_memory_win.cc(73)] ReadMemory at 0x26301513a70 of 60 bytes failed: Only part of a ReadProcessMemory or WriteProcessMemory request was completed. (0x12B)
[1212/022013.489:ERROR:process_memory_win.cc(73)] ReadMemory at 0x26301513c50 of 62 bytes failed: Only part of a ReadProcessMemory or WriteProcessMemory request was completed. (0x12B)
[1212/022013.489:ERROR:process_memory_win.cc(73)] ReadMemory at 0x26301513d90 of 58 bytes failed: Only part of a ReadProcessMemory or WriteProcessMemory request was completed. (0x12B)
[1212/022013.489:ERROR:process_memory_win.cc(73)] ReadMemory at 0x26301513e80 of 60 bytes failed: Only part of a ReadProcessMemory or WriteProcessMemory request was completed. (0x12B)
[1212/022013.489:ERROR:process_memory_win.cc(73)] ReadMemory at 0x263015141a0 of 62 bytes failed: Only part of a ReadProcessMemory or WriteProcessMemory request was completed. (0x12B)
[1212/022013.489:ERROR:process_memory_win.cc(73)] ReadMemory at 0x263015142e0 of 60 bytes failed: Only part of a ReadProcessMemory or WriteProcessMemory request was completed. (0x12B)
[1212/022013.489:ERROR:process_memory_win.cc(73)] ReadMemory at 0x26301514330 of 58 bytes failed: Only part of a ReadProcessMemory or WriteProcessMemory request was completed. (0x12B)
[1212/022013.489:ERROR:process_memory_win.cc(73)] ReadMemory at 0x263015143d0 of 66 bytes failed: Only part of a ReadProcessMemory or WriteProcessMemory request was completed. (0x12B)
[1212/022013.489:ERROR:process_memory_win.cc(73)] ReadMemory at 0x263015144c0 of 56 bytes failed: Only part of a ReadProcessMemory or WriteProcessMemory request was completed. (0x12B)
[1212/022013.489:ERROR:process_memory_win.cc(73)] ReadMemory at 0x26301514650 of 62 bytes failed: Only part of a ReadProcessMemory or WriteProcessMemory request was completed. (0x12B)
[1212/022013.489:ERROR:process_memory_win.cc(73)] ReadMemory at 0x26301537090 of 512 bytes failed: Only part of a ReadProcessMemory or WriteProcessMemory request was completed. (0x12B)
[1212/022013.490:ERROR:process_memory_win.cc(73)] ReadMemory at 0x26301537810 of 512 bytes failed: Only part of a ReadProcessMemory or WriteProcessMemory request was completed. (0x12B)
[1212/022013.490:ERROR:process_memory_win.cc(73)] ReadMemory at 0x26301537e10 of 512 bytes failed: Only part of a ReadProcessMemory or WriteProcessMemory request was completed. (0x12B)
[1212/022013.490:ERROR:process_memory_win.cc(73)] ReadMemory at 0x26301551ff0 of 512 bytes failed: Only part of a ReadProcessMemory or WriteProcessMemory request was completed. (0x12B)
[1212/022013.490:ERROR:process_memory_win.cc(73)] ReadMemory at 0x26301567de0 of 512 bytes failed: Only part of a ReadProcessMemory or WriteProcessMemory request was completed. (0x12B)
[1212/022013.490:ERROR:process_memory_win.cc(73)] ReadMemory at 0x263015680f0 of 512 bytes failed: Only part of a ReadProcessMemory or WriteProcessMemory request was completed. (0x12B)
[1212/022013.490:ERROR:process_memory_win.cc(73)] ReadMemory at 0x2630156c770 of 712 bytes failed: Only part of a ReadProcessMemory or WriteProcessMemory request was completed. (0x12B)
[1212/022013.490:ERROR:process_memory_win.cc(73)] ReadMemory at 0x26301576180 of 512 bytes failed: Only part of a ReadProcessMemory or WriteProcessMemory request was completed. (0x12B)
[1212/022013.490:ERROR:process_memory_win.cc(73)] ReadMemory at 0x26301579910 of 512 bytes failed: Only part of a ReadProcessMemory or WriteProcessMemory request was completed. (0x12B)
[1212/022013.490:ERROR:process_memory_win.cc(73)] ReadMemory at 0x263015ae550 of 512 bytes failed: Only part of a ReadProcessMemory or WriteProcessMemory request was completed. (0x12B)
[1212/022013.490:ERROR:process_memory_win.cc(73)] ReadMemory at 0x263015af1d0 of 512 bytes failed: Only part of a ReadProcessMemory or WriteProcessMemory request was completed. (0x12B)
[1212/022013.491:ERROR:process_memory_win.cc(73)] ReadMemory at 0x263015afc20 of 512 bytes failed: Only part of a ReadProcessMemory or WriteProcessMemory request was completed. (0x12B)
[1212/022013.491:ERROR:process_memory_win.cc(73)] ReadMemory at 0x26301611f00 of 512 bytes failed: Only part of a ReadProcessMemory or WriteProcessMemory request was completed. (0x12B)
[1212/022013.491:ERROR:process_memory_win.cc(73)] ReadMemory at 0x26301612440 of 512 bytes failed: Only part of a ReadProcessMemory or WriteProcessMemory request was completed. (0x12B)
[1212/022013.491:ERROR:process_memory_win.cc(73)] ReadMemory at 0x26303326230 of 512 bytes failed: Only part of a ReadProcessMemory or WriteProcessMemory request was completed. (0x12B)
[1212/022013.491:ERROR:process_memory_win.cc(73)] ReadMemory at 0x26303454ba0 of 512 bytes failed: Only part of a ReadProcessMemory or WriteProcessMemory request was completed. (0x12B)
[1212/022013.491:ERROR:process_memory_win.cc(73)] ReadMemory at 0x263034a4388 of 512 bytes failed: Only part of a ReadProcessMemory or WriteProcessMemory request was completed. (0x12B)
[1212/022013.491:ERROR:process_memory_win.cc(73)] ReadMemory at 0x263035662a0 of 512 bytes failed: Only part of a ReadProcessMemory or WriteProcessMemory request was completed. (0x12B)
[1212/022013.491:ERROR:process_memory_win.cc(73)] ReadMemory at 0x263043a0340 of 512 bytes failed: Only part of a ReadProcessMemory or WriteProcessMemory request was completed. (0x12B)
[1212/022013.491:ERROR:process_memory_win.cc(73)] ReadMemory at 0x7ffbf424d6d9 of 512 bytes failed: Only part of a ReadProcessMemory or WriteProcessMemory request was completed. (0x12B)
[1212/022013.491:ERROR:process_memory_win.cc(73)] ReadMemory at 0x7ffbf44ae748 of 512 bytes failed: Only part of a ReadProcessMemory or WriteProcessMemory request was completed. (0x12B)
[1212/022013.492:ERROR:process_memory_win.cc(73)] ReadMemory at 0x7ffbf4df4a50 of 512 bytes failed: Only part of a ReadProcessMemory or WriteProcessMemory request was completed. (0x12B)
[1212/022013.492:ERROR:process_memory_win.cc(73)] ReadMemory at 0x7ffbf69cbfb4 of 672 bytes failed: Only part of a ReadProcessMemory or WriteProcessMemory request was completed. (0x12B)
[1212/022013.492:ERROR:process_memory_win.cc(73)] ReadMemory at 0x7ffbf69cc5b4 of 512 bytes failed: Only part of a ReadProcessMemory or WriteProcessMemory request was completed. (0x12B)
[1212/022013.492:ERROR:process_memory_win.cc(73)] ReadMemory at 0x7ffbf69cf924 of 608 bytes failed: Only part of a ReadProcessMemory or WriteProcessMemory request was completed. (0x12B)
[1212/022013.492:ERROR:process_memory_win.cc(73)] ReadMemory at 0x7ffbf6a60a00 of 18 bytes failed: Only part of a ReadProcessMemory or WriteProcessMemory request was completed. (0x12B)
[1212/022013.492:ERROR:process_memory_win.cc(73)] ReadMemory at 0x7ffbf6a954f8 of 40 bytes failed: Only part of a ReadProcessMemory or WriteProcessMemory request was completed. (0x12B)
[1212/022013.492:ERROR:process_memory_win.cc(73)] ReadMemory at 0x7ffbf6a95978 of 48 bytes failed: Only part of a ReadProcessMemory or WriteProcessMemory request was completed. (0x12B)
[1212/022013.492:ERROR:process_memory_win.cc(73)] ReadMemory at 0x7ffbf6a9b4c0 of 64 bytes failed: Only part of a ReadProcessMemory or WriteProcessMemory request was completed. (0x12B)
[1212/022013.494:ERROR:file_io_win.cc(162)] CreateFile C:\Users\Mehmet\AppData\Local\Temp\scoped_dir12944_1027241365\Crashpad\settings.dat: The system cannot find the file specified. (0x2)
[1212/022013.494:ERROR:scoped_process_suspend.cc(40)] NtResumeProcess: An attempt was made to access an exiting process. (0xc000010a)
[0104/175231.785:ERROR:directory_reader_win.cc(43)] FindFirstFile: The system cannot find the path specified. (0x3)
